<?xml version="1.0" encoding="UTF-8"?>
<testsuite xmlns:xsi="http://www.w3.org/2001/XMLSchema-instance" xsi:noNamespaceSchemaLocation="https://maven.apache.org/surefire/maven-surefire-plugin/xsd/surefire-test-report-3.0.xsd" version="3.0" name="com.caffeine.test.CacheConfigDynamicUpdateTest" time="0.026" tests="3" errors="0" skipped="0" failures="0">
  <properties>
[...]
</properties>
  <testcase name="testListenerRegistrationAndRemoval" classname="com.caffeine.test.CacheConfigDynamicUpdateTest" time="0.006">
    <system-out><![CDATA[缓存配置已更新并应用: anotherCache
]]></system-out>
  </testcase>
  <testcase name="testConfigDynamicUpdate" classname="com.caffeine.test.CacheConfigDynamicUpdateTest" time="0.002">
    <system-out><![CDATA[缓存配置已更新并应用: testCache
]]></system-out>
  </testcase>
  <testcase name="testUnrelatedConfigUpdate" classname="com.caffeine.test.CacheConfigDynamicUpdateTest" time="0.0"/>
</testsuite>