<?xml version="1.0" encoding="UTF-8"?>
<testsuite xmlns:xsi="http://www.w3.org/2001/XMLSchema-instance" xsi:noNamespaceSchemaLocation="https://maven.apache.org/surefire/maven-surefire-plugin/xsd/surefire-test-report-3.0.xsd" version="3.0" name="com.caffeine.component.CaffeineCacheComponentTest" time="0.032" tests="2" errors="0" skipped="0" failures="0">
  <properties>
[...]
</properties>
  <testcase name="testCacheBasicOperations" classname="com.caffeine.component.CaffeineCacheComponentTest" time="0.021">
    <system-out><![CDATA[缓存管理器初始化成功
]]></system-out>
  </testcase>
  <testcase name="testConfigUpdate" classname="com.caffeine.component.CaffeineCacheComponentTest" time="0.002">
    <system-out><![CDATA[缓存管理器初始化成功
]]></system-out>
  </testcase>
</testsuite>